Using pre-set license
Built from '2021.1/staging' branch; Version is '2021.1.21f1 (f2d5d3c59f8c) revision 15914451'; Using compiler version '192528614'; Build Type 'Release'
OS: 'Windows 10 Home; OS build 19042.1237; Version 2009; 64bit' Language: 'cs' Physical Memory: 6091 MB
BatchMode: 1, IsHumanControllingUs: 0, StartBugReporterOnCrash: 0, Is64bit: 1, IsPro: 0

COMMAND LINE ARGUMENTS:
C:\Program Files\Unity\Hub\Editor\2021.1.21f1\Editor\Unity.exe
-adb2
-batchMode
-noUpm
-name
AssetImportWorker0
-projectPath
C:/Users/Aspir/Desktop/GitHub/UnityStehlaGame/StehlaGame
-logFile
Logs/AssetImportWorker0.log
-srvPort
50161
Successfully changed project path to: C:/Users/Aspir/Desktop/GitHub/UnityStehlaGame/StehlaGame
C:/Users/Aspir/Desktop/GitHub/UnityStehlaGame/StehlaGame
Using Asset Import Pipeline V2.
Refreshing native plugins compatible for Editor in 150.86 ms, found 4 plugins.
Preloading 0 native plugins for Editor in 0.00 ms.
Initialize engine version: 2021.1.21f1 (f2d5d3c59f8c)
[Subsystems] Discovering subsystems at path C:/Program Files/Unity/Hub/Editor/2021.1.21f1/Editor/Data/Resources/UnitySubsystems
[Subsystems] Discovering subsystems at path C:/Users/Aspir/Desktop/GitHub/UnityStehlaGame/StehlaGame/Assets
GfxDevice: creating device client; threaded=0; jobified=0
Direct3D:
    Version:  Direct3D 11.0 [level 11.1]
    Renderer: AMD Radeon(TM) Vega 3 Graphics (ID=0x15d8)
    Vendor:   ATI
    VRAM:     3045 MB
    Driver:   27.20.14544.6
Initialize mono
Mono path[0] = 'C:/Program Files/Unity/Hub/Editor/2021.1.21f1/Editor/Data/Managed'
Mono path[1] = 'C:/Program Files/Unity/Hub/Editor/2021.1.21f1/Editor/Data/MonoBleedingEdge/lib/mono/unityjit'
Mono config path = 'C:/Program Files/Unity/Hub/Editor/2021.1.21f1/Editor/Data/MonoBleedingEdge/etc'
Using monoOptions --debugger-agent=transport=dt_socket,embedding=1,server=y,suspend=n,address=127.0.0.1:56712
Begin MonoManager ReloadAssembly
Registering precompiled unity dll's ...
Register platform support module: C:/Program Files/Unity/Hub/Editor/2021.1.21f1/Editor/Data/PlaybackEngines/WindowsStandaloneSupport/UnityEditor.WindowsStandalone.Extensions.dll
Registered in 0.002093 seconds.
Native extension for WindowsStandalone target not found
Refreshing native plugins compatible for Editor in 155.90 ms, found 4 plugins.
Preloading 0 native plugins for Editor in 0.00 ms.
Mono: successfully reloaded assembly
- Completed reload, in  1.660 seconds
Domain Reload Profiling:
	ReloadAssembly (1660ms)
		BeginReloadAssembly (83ms)
			ExecutionOrderSort (0ms)
			DisableScriptedObjects (0ms)
			BackupInstance (0ms)
			ReleaseScriptingObjects (0ms)
			CreateAndSetChildDomain (1ms)
		EndReloadAssembly (694ms)
			LoadAssemblies (80ms)
			RebuildTransferFunctionScriptingTraits (0ms)
			SetupTypeCache (228ms)
			ReleaseScriptCaches (0ms)
			RebuildScriptCaches (44ms)
			SetupLoadedEditorAssemblies (354ms)
				LogAssemblyErrors (0ms)
				InitializePlatformSupportModulesInManaged (9ms)
				SetLoadedEditorAssemblies (0ms)
				RefreshPlugins (156ms)
				BeforeProcessingInitializeOnLoad (2ms)
				ProcessInitializeOnLoadAttributes (143ms)
				ProcessInitializeOnLoadMethodAttributes (44ms)
				AfterProcessingInitializeOnLoad (0ms)
				EditorAssembliesLoaded (0ms)
			ExecutionOrderSort2 (0ms)
			AwakeInstancesAfterBackupRestoration (0ms)
Platform modules already initialized, skipping
Registering precompiled user dll's ...
Registered in 0.006375 seconds.
Begin MonoManager ReloadAssembly
Symbol file LoadedFromMemory doesn't match image C:\Users\Aspir\Desktop\GitHub\UnityStehlaGame\StehlaGame\Library\PackageCache\com.unity.visualscripting@1.6.1\Editor\VisualScripting.Core\Dependencies\YamlDotNet\Unity.VisualScripting.YamlDotNet.dll
Symbol file LoadedFromMemory doesn't match image C:\Users\Aspir\Desktop\GitHub\UnityStehlaGame\StehlaGame\Library\PackageCache\com.unity.visualscripting@1.6.1\Editor\VisualScripting.Core\Dependencies\DotNetZip\Unity.VisualScripting.IonicZip.dll
Native extension for WindowsStandalone target not found
Refreshing native plugins compatible for Editor in 157.41 ms, found 4 plugins.
Preloading 0 native plugins for Editor in 0.00 ms.
Mono: successfully reloaded assembly
- Completed reload, in  2.079 seconds
Domain Reload Profiling:
	ReloadAssembly (2080ms)
		BeginReloadAssembly (232ms)
			ExecutionOrderSort (0ms)
			DisableScriptedObjects (7ms)
			BackupInstance (0ms)
			ReleaseScriptingObjects (0ms)
			CreateAndSetChildDomain (32ms)
		EndReloadAssembly (1742ms)
			LoadAssemblies (167ms)
			RebuildTransferFunctionScriptingTraits (0ms)
			SetupTypeCache (548ms)
			ReleaseScriptCaches (1ms)
			RebuildScriptCaches (83ms)
			SetupLoadedEditorAssemblies (787ms)
				LogAssemblyErrors (0ms)
				InitializePlatformSupportModulesInManaged (6ms)
				SetLoadedEditorAssemblies (0ms)
				RefreshPlugins (158ms)
				BeforeProcessingInitializeOnLoad (128ms)
				ProcessInitializeOnLoadAttributes (377ms)
				ProcessInitializeOnLoadMethodAttributes (109ms)
				AfterProcessingInitializeOnLoad (8ms)
				EditorAssembliesLoaded (0ms)
			ExecutionOrderSort2 (0ms)
			AwakeInstancesAfterBackupRestoration (13ms)
Platform modules already initialized, skipping
========================================================================
Worker process is ready to serve import requests
Launched and connected shader compiler UnityShaderCompiler.exe after 0.08 seconds
Refreshing native plugins compatible for Editor in 0.88 ms, found 4 plugins.
Preloading 0 native plugins for Editor in 0.00 ms.
Unloading 3676 Unused Serialized files (Serialized files now loaded: 0)
System memory in use before: 136.4 MB.
System memory in use after: 136.6 MB.

Unloading 30 unused Assets to reduce memory usage. Loaded Objects now: 4126.
Total: 6.220900 ms (FindLiveObjects: 0.537800 ms CreateObjectMapping: 0.176200 ms MarkObjects: 5.415400 ms  DeleteObjects: 0.089900 ms)

AssetImportParameters requested are different than current active one (requested -> active):
  custom:framework-win-MediaFoundation: 216162199b28c13a410421893ffa2e32 -> 
  custom:video-decoder-ogg-theora: a1e56fd34408186e4bbccfd4996cb3dc -> 
  custom:container-muxer-webm: aa71ff27fc2769a1b78a27578f13a17b -> 
  custom:container-demuxer-webm: 4f35f7cbe854078d1ac9338744f61a02 -> 
  custom:container-demuxer-ogg: 62fdf1f143b41e24485cea50d1cbac27 -> 
  custom:video-encoder-webm-vp8: eb34c28f22e8b96e1ab97ce403110664 -> 
  custom:video-decoder-webm-vp8: 9c59270c3fd7afecdb556c50c9e8de78 -> 
  custom:audio-decoder-ogg-vorbis: bf7c407c2cedff20999df2af8eb42d56 -> 
  custom:audio-encoder-webm-vorbis: bf7c407c2cedff20999df2af8eb42d56 -> 
========================================================================
Received Import Request.
  path: Assets/Sprites 2D/GrassThinSprite.png
  artifactKey: Guid(7b266f263e7d66a4382bbdce1079d604) Importer(815301076,1909f56bfc062723c751e8b465ee728b)
Start importing Assets/Sprites 2D/GrassThinSprite.png using Guid(7b266f263e7d66a4382bbdce1079d604) Importer(815301076,1909f56bfc062723c751e8b465ee728b)  -> (artifact id: 'ba59c552290951db6e76e192b6d7fe79') in 0.221353 seconds 
========================================================================
Received Import Request.
  Time since last request: 0.000273 seconds.
  path: Assets/Sprites 2D/PlankSprite.png
  artifactKey: Guid(7b181e89e684cc24a86426fbb91a9489) Importer(815301076,1909f56bfc062723c751e8b465ee728b)
Start importing Assets/Sprites 2D/PlankSprite.png using Guid(7b181e89e684cc24a86426fbb91a9489) Importer(815301076,1909f56bfc062723c751e8b465ee728b)  -> (artifact id: 'b48711fbe7a157051830325790cf671d') in 0.047313 seconds 
========================================================================
Received Import Request.
  Time since last request: 0.000258 seconds.
  path: Assets/Sprites 2D/CatapultSprite.png
  artifactKey: Guid(2c7c2fc24dd4ebe44ab58106e3cfcc36) Importer(815301076,1909f56bfc062723c751e8b465ee728b)
Start importing Assets/Sprites 2D/CatapultSprite.png using Guid(2c7c2fc24dd4ebe44ab58106e3cfcc36) Importer(815301076,1909f56bfc062723c751e8b465ee728b)  -> (artifact id: 'd0a50dc2e50ee86879f395d8ea274a1d') in 0.038180 seconds 
========================================================================
Received Import Request.
  Time since last request: 0.000249 seconds.
  path: Assets/Sprites 2D/PuffSprite.png
  artifactKey: Guid(88edfdb09adcffd4991fd548ebeb1d5c) Importer(815301076,1909f56bfc062723c751e8b465ee728b)
Start importing Assets/Sprites 2D/PuffSprite.png using Guid(88edfdb09adcffd4991fd548ebeb1d5c) Importer(815301076,1909f56bfc062723c751e8b465ee728b)  -> (artifact id: 'f5c3bd8ca3bed305983f8285b5b15b0b') in 0.034752 seconds 
========================================================================
Received Import Request.
  Time since last request: 0.000275 seconds.
  path: Assets/Sprites 2D/AsteroidSprite.png
  artifactKey: Guid(8ceb768e9dcfdad4ca58aa6f12116756) Importer(815301076,1909f56bfc062723c751e8b465ee728b)
Start importing Assets/Sprites 2D/AsteroidSprite.png using Guid(8ceb768e9dcfdad4ca58aa6f12116756) Importer(815301076,1909f56bfc062723c751e8b465ee728b)  -> (artifact id: '723aa8f76cf64382c3dc538d73721c4d') in 0.035164 seconds 
========================================================================
Received Import Request.
  Time since last request: 0.000235 seconds.
  path: Assets/Sprites 2D/BirdEnemyIdleSprite.png
  artifactKey: Guid(b0bd8d23c07dcc54b8167084ca430842) Importer(815301076,1909f56bfc062723c751e8b465ee728b)
Start importing Assets/Sprites 2D/BirdEnemyIdleSprite.png using Guid(b0bd8d23c07dcc54b8167084ca430842) Importer(815301076,1909f56bfc062723c751e8b465ee728b)  -> (artifact id: '9d9708f85f95e685671584817c540ee4') in 0.039981 seconds 
========================================================================
Received Import Request.
  Time since last request: 0.000297 seconds.
  path: Assets/Sprites 2D/BirdEnemyDeathSprite.png
  artifactKey: Guid(35b57b08b13d6f648b44d06336c84b86) Importer(815301076,1909f56bfc062723c751e8b465ee728b)
Start importing Assets/Sprites 2D/BirdEnemyDeathSprite.png using Guid(35b57b08b13d6f648b44d06336c84b86) Importer(815301076,1909f56bfc062723c751e8b465ee728b)  -> (artifact id: '96b70e009cd666dbd9b5d6d9cc209881') in 0.032174 seconds 
========================================================================
Received Import Request.
  Time since last request: 0.000245 seconds.
  path: Assets/Sprites 2D
  artifactKey: Guid(6e1236211941c234580a8fa850a6bf45) Importer(815301076,1909f56bfc062723c751e8b465ee728b)
Start importing Assets/Sprites 2D using Guid(6e1236211941c234580a8fa850a6bf45) Importer(815301076,1909f56bfc062723c751e8b465ee728b)  -> (artifact id: '41799b30782e4cd298d78e1f7022116b') in 0.012929 seconds 
========================================================================
Received Import Request.
  Time since last request: 0.000394 seconds.
  path: Assets/Sprites 2D/SkySprite.png
  artifactKey: Guid(ad9a74e32567d6a4a94aeeb23f30be42) Importer(815301076,1909f56bfc062723c751e8b465ee728b)
Start importing Assets/Sprites 2D/SkySprite.png using Guid(ad9a74e32567d6a4a94aeeb23f30be42) Importer(815301076,1909f56bfc062723c751e8b465ee728b)  -> (artifact id: '49a4ff443a552c32fc72c6558c983773') in 0.041709 seconds 
AssetImportWorkerClient::OnTransportError - code=2 error=End of file
